PrismaClientKnownRequestError: 
Invalid `prisma_1.default.user.findFirst()` invocation in
C:\Users\Alisson\Documents\Programacao_codigos\come-pouco-master\come-pouco-master\come-pouco-backend\dist\services\auth.service.js:132:46

  129 };
  130 const findUserByIdentifier = async (identifier) => {
  131     const normalized = identifier.trim().toLowerCase();
→ 132     const user = await prisma_1.default.user.findFirst(
The column `(not available)` does not exist in the current database.
    at zr.handleRequestError (C:\Users\Alisson\Documents\Programacao_codigos\come-pouco-master\come-pouco-master\come-pouco-backend\node_modules\@prisma\client\runtime\client.js:65:8286)
    at zr.handleAndLogRequestError (C:\Users\Alisson\Documents\Programacao_codigos\come-pouco-master\come-pouco-master\come-pouco-backend\node_modules\@prisma\client\runtime\client.js:65:7581)
    at zr.request (C:\Users\Alisson\Documents\Programacao_codigos\come-pouco-master\come-pouco-master\come-pouco-backend\node_modules\@prisma\client\runtime\client.js:65:7288)
    at process.processTicksAndRejections (node:internal/process/task_queues:103:5)
    at async a (C:\Users\Alisson\Documents\Programacao_codigos\come-pouco-master\come-pouco-master\come-pouco-backend\node_modules\@prisma\client\runtime\client.js:75:5816)
    at async findUserByIdentifier (C:\Users\Alisson\Documents\Programacao_codigos\come-pouco-master\come-pouco-master\come-pouco-backend\dist\services\auth.service.js:132:18)
    at async Object.login (C:\Users\Alisson\Documents\Programacao_codigos\come-pouco-master\come-pouco-master\come-pouco-backend\dist\services\auth.service.js:282:18)
    at async login (C:\Users\Alisson\Documents\Programacao_codigos\come-pouco-master\come-pouco-master\come-pouco-backend\dist\controllers\auth.controller.js:69:26) {
  code: 'P2022',
  meta: {
    modelName: 'User',
    driverAdapterError: DriverAdapterError: ColumnNotFound
        at PrismaPgAdapter.onError (C:\Users\Alisson\Documents\Programacao_codigos\come-pouco-master\come-pouco-master\come-pouco-backend\node_modules\@prisma\adapter-pg\dist\index.js:687:11)
        at PrismaPgAdapter.performIO (C:\Users\Alisson\Documents\Programacao_codigos\come-pouco-master\come-pouco-master\come-pouco-backend\node_modules\@prisma\adapter-pg\dist\index.js:682:12)
        at process.processTicksAndRejections (node:internal/process/task_queues:103:5)
        at async PrismaPgAdapter.queryRaw (C:\Users\Alisson\Documents\Programacao_codigos\come-pouco-master\come-pouco-master\come-pouco-backend\node_modules\@prisma\adapter-pg\dist\index.js:602:30)
        at async e.interpretNode (C:\Users\Alisson\Documents\Programacao_codigos\come-pouco-master\come-pouco-master\come-pouco-backend\node_modules\@prisma\client\runtime\client.js:11:44403)
        at async e.interpretNode (C:\Users\Alisson\Documents\Programacao_codigos\come-pouco-master\come-pouco-master\come-pouco-backend\node_modules\@prisma\client\runtime\client.js:11:44843)
        at async e.interpretNode (C:\Users\Alisson\Documents\Programacao_codigos\come-pouco-master\come-pouco-master\come-pouco-backend\node_modules\@prisma\client\runtime\client.js:11:46032)
        at async e.run (C:\Users\Alisson\Documents\Programacao_codigos\come-pouco-master\come-pouco-master\come-pouco-backend\node_modules\@prisma\client\runtime\client.js:11:43121)
        at async e.execute (C:\Users\Alisson\Documents\Programacao_codigos\come-pouco-master\come-pouco-master\come-pouco-backend\node_modules\@prisma\client\runtime\client.js:57:815)
        at async qt.request (C:\Users\Alisson\Documents\Programacao_codigos\come-pouco-master\come-pouco-master\come-pouco-backend\node_modules\@prisma\client\runtime\client.js:58:2327) {
      cause: [Object]
    }
  },
  clientVersion: '7.4.1'
}
